2022-18-08 16:18:05.117  INFO --- [PRODUCTS-API  ] [GlobalHandlerException: 16] Esti es una prueba
2022-18-08 16:18:53.319  INFO --- [PRODUCTS-API  ] [GlobalHandlerException: 16] Esti es una prueba
2022-20-08 16:20:16.210  INFO --- [PRODUCTS-API  ] [GlobalHandlerException: 16] Esti es una prueba
2022-16-08 18:16:45.700  INFO --- [PRODUCTS-API  ] [ustomAuthenticationFilter: 36] Username is: default
2022-16-08 18:16:45.703  INFO --- [PRODUCTS-API  ] [ustomAuthenticationFilter: 37] Password is: password
2022-17-08 18:17:05.634  INFO --- [PRODUCTS-API  ] [ustomAuthenticationFilter: 36] Username is: default
2022-17-08 18:17:05.636  INFO --- [PRODUCTS-API  ] [ustomAuthenticationFilter: 37] Password is: password
2022-20-08 18:20:57.720  INFO --- [PRODUCTS-API  ] [ustomAuthenticationFilter: 35] Username is: default
2022-20-08 18:20:57.722  INFO --- [PRODUCTS-API  ] [ustomAuthenticationFilter: 36] Password is: password
2022-28-08 18:28:21.546  INFO --- [PRODUCTS-API  ] [ustomAuthenticationFilter: 35] Username is: default
2022-28-08 18:28:21.549  INFO --- [PRODUCTS-API  ] [ustomAuthenticationFilter: 36] Password is: password
2022-28-08 18:28:21.623  INFO --- [PRODUCTS-API  ] [UserServiceImpl   : 64] User found in the database: default
2022-40-08 18:40:48.791  INFO --- [PRODUCTS-API  ] [ustomAuthenticationFilter: 35] Username is: default
2022-40-08 18:40:48.793  INFO --- [PRODUCTS-API  ] [ustomAuthenticationFilter: 36] Password is: password
2022-40-08 18:40:48.867  INFO --- [PRODUCTS-API  ] [UserServiceImpl   : 64] User found in the database: default
2022-59-08 18:59:42.499  INFO --- [PRODUCTS-API  ] [ustomAuthenticationFilter: 40] Username is: default
2022-59-08 18:59:42.502  INFO --- [PRODUCTS-API  ] [ustomAuthenticationFilter: 41] Password is: password
2022-03-08 19:03:16.074  INFO --- [PRODUCTS-API  ] [ustomAuthenticationFilter: 40] Username is: default
2022-03-08 19:03:16.076  INFO --- [PRODUCTS-API  ] [ustomAuthenticationFilter: 41] Password is: password
2022-03-08 19:03:16.160  INFO --- [PRODUCTS-API  ] [UserServiceImpl   : 64] User found in the database: default
2022-28-08 19:28:47.467  INFO --- [PRODUCTS-API  ] [ustomAuthenticationFilter: 40] Username is: default
2022-28-08 19:28:47.470  INFO --- [PRODUCTS-API  ] [ustomAuthenticationFilter: 41] Password is: password
2022-28-08 19:28:47.754  INFO --- [PRODUCTS-API  ] [UserServiceImpl   : 64] User found in the database: default
2022-47-08 19:47:27.815  INFO --- [PRODUCTS-API  ] [ImageController   : 49] Con url: default
2022-48-08 19:48:24.999  INFO --- [PRODUCTS-API  ] [ImageController   : 49] Con url: url
2022-48-08 19:48:40.707  INFO --- [PRODUCTS-API  ] [ImageController   : 43] Con archivo: url
2022-43-08 20:43:25.852  INFO --- [PRODUCTS-API  ] [ImageServiceImpl  : 51] 200
2022-44-08 20:44:18.720  INFO --- [PRODUCTS-API  ] [ImageServiceImpl  : 51] 200
2022-45-08 20:45:22.515  INFO --- [PRODUCTS-API  ] [ImageServiceImpl  : 51] 200
2022-45-08 20:45:57.227  INFO --- [PRODUCTS-API  ] [ImageServiceImpl  : 51] 200
2022-05-08 21:05:44.824  INFO --- [PRODUCTS-API  ] [ImageServiceImpl  : 59] jdk.internal.net.http.ResponseSubscribers$HttpResponseInputStream@3cce7963
2022-12-08 21:12:26.840  INFO --- [PRODUCTS-API  ] [ImageServiceImpl  : 59] java.net.http.HttpHeaders@12b1cb62 { {:status=[200], accept-ranges=[bytes], access-control-allow-origin=[*], age=[117905], cache-control=[public, max-age=315360000], content-length=[135444], content-type=[image/jpeg], cross-origin-resource-policy=[cross-origin], date=[Sun, 09 Jan 2022 02:12:27 GMT], last-modified=[Fri, 07 Jan 2022 17:27:22 GMT], server=[imgix], set-cookie=[ugid=15d32f31ff7fd7a8c23522e113cddeda5472314;domain=.unsplash.com;path=/;expires=Mon, 09 Jan 2023 02:12:27 GMT;SameSite=None;Secure], x-cache=[HIT, HIT], x-content-type-options=[nosniff], x-imgix-id=[1f50888016f829c5356bced7e42d70c4e3051a6b], x-served-by=[cache-sjc10081-SJC, cache-fty21350-FTY]} }
2022-14-08 21:14:39.790  INFO --- [PRODUCTS-API  ] [ImageServiceImpl  : 59] [image/jpeg]
2022-15-08 21:15:23.267  INFO --- [PRODUCTS-API  ] [ImageServiceImpl  : 59] [image/jpeg]
2022-16-08 21:16:29.667  INFO --- [PRODUCTS-API  ] [ImageServiceImpl  : 59] image/jpeg
2022-21-08 21:21:05.748  INFO --- [PRODUCTS-API  ] [ImageServiceImpl  : 63] sun.awt.image.URLImageSource@3a8f0bf
2022-22-08 21:22:24.370  INFO --- [PRODUCTS-API  ] [ImageServiceImpl  : 63] /photo-1641576369369-870158b0d11b?crop=entropy&cs=tinysrgb&fit=max&fm=jpg&ixid=MnwyODkyOTZ8MHwxfGFsbHw0fHx8fHx8Mnx8MTY0MTYxNDAwNg&ixlib=rb-1.2.1&q=80&w=1080
2022-23-08 21:23:40.608  INFO --- [PRODUCTS-API  ] [ImageServiceImpl  : 63] 
2022-25-08 21:25:56.787  INFO --- [PRODUCTS-API  ] [ImageServiceImpl  : 63] crop=entropy&cs=tinysrgb&fit=max&fm=jpg&ixid=MnwyODkyOTZ8MHwxfGFsbHw0fHx8fHx8Mnx8MTY0MTYxNDAwNg&ixlib=rb-1.2.1&q=80&w=1080
2022-26-08 21:26:41.318  INFO --- [PRODUCTS-API  ] [ImageServiceImpl  : 63] /photo-1641576369369-870158b0d11b
2022-36-08 21:36:59.458  INFO --- [PRODUCTS-API  ] [ImageServiceImpl  : 69] Cargando imagen
2022-37-08 21:37:45.198  INFO --- [PRODUCTS-API  ] [ImageServiceImpl  : 92] descargando imagen
2022-38-08 21:38:32.265  INFO --- [PRODUCTS-API  ] [ImageServiceImpl  : 92] descargando imagen
2022-38-08 21:38:44.064  INFO --- [PRODUCTS-API  ] [ImageServiceImpl  : 92] descargando imagen
2022-39-08 21:39:23.350  INFO --- [PRODUCTS-API  ] [ImageServiceImpl  : 92] descargando imagen
2022-13-08 23:13:28.219  INFO --- [PRODUCTS-API  ] [ImageServiceImpl  : 61] 
2022-13-08 23:13:28.222  INFO --- [PRODUCTS-API  ] [ImageServiceImpl  : 62] jpeg
2022-13-08 23:13:28.222  INFO --- [PRODUCTS-API  ] [ImageServiceImpl  : 63] image
2022-13-08 23:13:28.223  INFO --- [PRODUCTS-API  ] [ImageServiceImpl  : 64] image/jpeg
2022-54-08 23:54:10.593  INFO --- [PRODUCTS-API  ] [ImageServiceImpl  : 90] Guardando imagen por Archivo con id: 1984991e-6cad-4d5d-ada5-fbde7e26b0b1
2022-56-08 23:56:34.625  INFO --- [PRODUCTS-API  ] [ImageServiceImpl  : 64] Guardando imagen por Url con id: 57ac4330-53f7-4b2d-9700-92cea16d42ef
2022-03-09 00:03:40.985  INFO --- [PRODUCTS-API  ] [ImageServiceImpl  : 38] Listando todas las imagenes
2022-17-09 00:17:35.721  INFO --- [PRODUCTS-API  ] [ImageServiceImpl  : 39] Listando todas las imagenes
2022-19-09 00:19:21.222  INFO --- [PRODUCTS-API  ] [ustomAuthenticationFilter: 40] Username is: default
2022-19-09 00:19:21.223  INFO --- [PRODUCTS-API  ] [ustomAuthenticationFilter: 41] Password is: password
2022-19-09 00:19:21.357  INFO --- [PRODUCTS-API  ] [UserServiceImpl   : 64] User found in the database: default
2022-51-09 00:51:35.970  INFO --- [PRODUCTS-API  ] [ustomAuthenticationFilter: 40] Username is: default
2022-51-09 00:51:35.973  INFO --- [PRODUCTS-API  ] [ustomAuthenticationFilter: 41] Password is: password
2022-51-09 00:51:36.226  INFO --- [PRODUCTS-API  ] [UserServiceImpl   : 64] User found in the database: default
2022-53-09 00:53:42.605  INFO --- [PRODUCTS-API  ] [ImageServiceImpl  : 91] Guardando imagen por Archivo con id: d9061654-cf09-44aa-8a7f-b72ee77a4e95
2022-53-09 00:53:44.861  INFO --- [PRODUCTS-API  ] [ImageServiceImpl  : 91] Guardando imagen por Archivo con id: 01a7ac06-47fc-432a-abef-f462cfba891c
2022-54-09 00:54:24.555  ERROR--- [PRODUCTS-API  ] [CustomAuthorizationFilter: 54] Error loggin The Token has expired on Sun Jan 09 00:53:36 COT 2022.
2022-54-09 00:54:31.119  INFO --- [PRODUCTS-API  ] [ustomAuthenticationFilter: 40] Username is: default
2022-54-09 00:54:31.120  INFO --- [PRODUCTS-API  ] [ustomAuthenticationFilter: 41] Password is: password
2022-54-09 00:54:31.123  INFO --- [PRODUCTS-API  ] [UserServiceImpl   : 64] User found in the database: default
2022-03-09 08:03:18.139  INFO --- [PRODUCTS-API  ] [ImageServiceImpl  : 39] Listando todas las imagenes
2022-09-09 08:09:28.236  INFO --- [PRODUCTS-API  ] [ImageServiceImpl  : 58] Guardando imagen por Url con id: 62ac97f7-a2ab-4583-9458-3abe5e4096c9
2022-09-09 08:09:49.648  INFO --- [PRODUCTS-API  ] [ImageServiceImpl  : 84] Guardando imagen por Archivo con id: 8b3cbf9b-1738-4207-aaaf-660574f8c8cc
2022-12-09 08:12:07.339  INFO --- [PRODUCTS-API  ] [ustomAuthenticationFilter: 40] Username is: default
2022-12-09 08:12:07.339  INFO --- [PRODUCTS-API  ] [ustomAuthenticationFilter: 41] Password is: password
2022-12-09 08:12:07.476  INFO --- [PRODUCTS-API  ] [UserServiceImpl   : 64] User found in the database: default
2022-14-09 08:14:03.292  ERROR--- [PRODUCTS-API  ] [CustomAuthorizationFilter: 54] Error loggin The Token's Signature resulted invalid when verified using the Algorithm: HmacSHA256
2022-14-09 08:14:07.543  INFO --- [PRODUCTS-API  ] [ustomAuthenticationFilter: 40] Username is: default
2022-14-09 08:14:07.543  INFO --- [PRODUCTS-API  ] [ustomAuthenticationFilter: 41] Password is: password
2022-14-09 08:14:07.546  INFO --- [PRODUCTS-API  ] [UserServiceImpl   : 64] User found in the database: default
2022-14-09 08:14:17.629  ERROR--- [PRODUCTS-API  ] [CustomAuthorizationFilter: 54] Error loggin The Token's Signature resulted invalid when verified using the Algorithm: HmacSHA256
2022-15-09 08:15:44.215  INFO --- [PRODUCTS-API  ] [ImageServiceImpl  : 39] Listando todas las imagenes
2022-17-09 08:17:38.020  ERROR--- [PRODUCTS-API  ] [CustomAuthorizationFilter: 54] Error loggin The Token's Signature resulted invalid when verified using the Algorithm: HmacSHA256
2022-18-09 08:18:12.651  INFO --- [PRODUCTS-API  ] [ustomAuthenticationFilter: 40] Username is: default
2022-18-09 08:18:12.651  INFO --- [PRODUCTS-API  ] [ustomAuthenticationFilter: 41] Password is: password
2022-18-09 08:18:12.657  INFO --- [PRODUCTS-API  ] [UserServiceImpl   : 64] User found in the database: default
2022-15-09 10:15:30.091  INFO --- [PRODUCTS-API  ] [ImageServiceImpl  : 64] Guardando imagen por Url con id: f73afcf9-f51b-4008-83b2-ba1535366781
2022-24-09 10:24:27.842  INFO --- [PRODUCTS-API  ] [ImageServiceImpl  : 64] Guardando imagen por Url con id: f20abed5-5446-4c69-9cf6-98466b3d1c45
2022-26-09 10:26:50.176  INFO --- [PRODUCTS-API  ] [ImageServiceImpl  : 64] Guardando imagen por Url con id: ea6d13bd-84e4-4171-820b-ef94b35a4f99
2022-29-09 10:29:49.203  INFO --- [PRODUCTS-API  ] [ustomAuthenticationFilter: 40] Username is: default
2022-29-09 10:29:49.205  INFO --- [PRODUCTS-API  ] [ustomAuthenticationFilter: 41] Password is: password
2022-29-09 10:29:49.520  INFO --- [PRODUCTS-API  ] [UserServiceImpl   : 64] User found in the database: default
2022-30-09 10:30:06.712  ERROR--- [PRODUCTS-API  ] [CustomAuthorizationFilter: 54] Error loggin The Token has expired on Sun Jan 09 08:20:12 COT 2022.
2022-30-09 10:30:25.000  ERROR--- [PRODUCTS-API  ] [CustomAuthorizationFilter: 54] Error loggin Request processing failed; nested exception is java.lang.Exception: Este id no existe
2022-34-09 10:34:41.268  ERROR--- [PRODUCTS-API  ] [CustomAuthorizationFilter: 54] Error loggin The Token has expired on Sun Jan 09 10:31:49 COT 2022.
2022-34-09 10:34:46.806  INFO --- [PRODUCTS-API  ] [ustomAuthenticationFilter: 40] Username is: default
2022-34-09 10:34:46.808  INFO --- [PRODUCTS-API  ] [ustomAuthenticationFilter: 41] Password is: password
2022-34-09 10:34:47.056  INFO --- [PRODUCTS-API  ] [UserServiceImpl   : 64] User found in the database: default
2022-35-09 10:35:50.476  INFO --- [PRODUCTS-API  ] [ustomAuthenticationFilter: 40] Username is: default
2022-35-09 10:35:50.479  INFO --- [PRODUCTS-API  ] [ustomAuthenticationFilter: 41] Password is: password
2022-35-09 10:35:50.843  INFO --- [PRODUCTS-API  ] [UserServiceImpl   : 64] User found in the database: default
2022-55-09 12:55:06.516  INFO --- [PRODUCTS-API  ] [ImageServiceImpl  : 65] Guardando imagen por Url con id: 28cb4dec-efe1-4207-98f5-c033fa115096
2022-04-09 15:04:22.664  INFO --- [PRODUCTS-API  ] [ImageServiceImpl  : 67] Guardando imagen por Url con id: 89bd34f0-7343-4b1d-9289-8abdcb2f6a1b
2022-42-09 16:42:35.025  INFO --- [PRODUCTS-API  ] [ImageServiceImpl  : 44] Listando todas las imagenes
2022-57-09 16:57:19.364  INFO --- [PRODUCTS-API  ] [ImageServiceImpl  : 73] Guardando imagen por Url con id: 69938296-ff29-4efa-bb22-fc1e8b8d9ef2
2022-10-09 17:10:29.443  INFO --- [PRODUCTS-API  ] [ImageServiceImpl  : 74] Guardando imagen por Url con id: 86bbaa19-0148-4ab8-9c6a-e0b1b1da528e
2022-10-09 17:10:46.650  INFO --- [PRODUCTS-API  ] [ImageServiceImpl  : 49] Listando todas las imagenes
